#
# There is insufficient memory for the Java Runtime Environment to continue.
# Native memory allocation (malloc) failed to allocate 1999776 bytes for Chunk::new
# Possible reasons:
#   The system is out of physical RAM or swap space
#   The process is running with CompressedOops enabled, and the Java Heap may be blocking the growth of the native heap
# Possible solutions:
#   Reduce memory load on the system
#   Increase physical memory or swap space
#   Check if swap backing store is full
#   Decrease Java heap size (-Xmx/-Xms)
#   Decrease number of Java threads
#   Decrease Java thread stack sizes (-Xss)
#   Set larger code cache with -XX:ReservedCodeCacheSize=
#   JVM is running with Unscaled Compressed Oops mode in which the Java heap is
#     placed in the first 4GB address space. The Java Heap base address is the
#     maximum limit for the native heap growth. Please use -XX:HeapBaseMinAddress
#     to set the Java Heap base and to place the Java Heap above 4GB virtual address.
# This output file may be truncated or incomplete.
#
#  Out of Memory Error (allocation.cpp:389), pid=5276, tid=0x0000000000000320
#
# JRE version: OpenJDK Runtime Environment (8.0_242-b01) (build 1.8.0_242-release-1644-b01)
# Java VM: OpenJDK 64-Bit Server VM (25.242-b01 mixed mode windows-amd64 compressed oops)
# Failed to write core dump. Minidumps are not enabled by default on client versions of Windows
#

---------------  T H R E A D  ---------------

Current thread (0x0000000014a3b000):  JavaThread "C2 CompilerThread1" daemon [_thread_in_native, id=800, stack(0x0000000016180000,0x0000000016280000)]

Stack: [0x0000000016180000,0x0000000016280000]
[error occurred during error reporting (printing stack bounds), id 0xc0000005]

Native frames: (J=compiled Java code, j=interpreted, Vv=VM code, C=native code)


Current CompileTask:
C2:   3884 1727       4       java.net.URLClassLoader$1::run (5 bytes)


---------------  P R O C E S S  ---------------

Java Threads: ( => current thread )
  0x00000000163b1000 JavaThread "Service Thread" daemon [_thread_blocked, id=6108, stack(0x0000000016780000,0x0000000016880000)]
  0x0000000014a44800 JavaThread "C1 CompilerThread2" daemon [_thread_blocked, id=11512, stack(0x0000000016280000,0x0000000016380000)]
=>0x0000000014a3b000 JavaThread "C2 CompilerThread1" daemon [_thread_in_native, id=800, stack(0x0000000016180000,0x0000000016280000)]
  0x0000000014a37800 JavaThread "C2 CompilerThread0" daemon [_thread_blocked, id=10716, stack(0x0000000016080000,0x0000000016180000)]
  0x0000000014a33000 JavaThread "Attach Listener" daemon [_thread_blocked, id=196, stack(0x0000000015f80000,0x0000000016080000)]
  0x0000000014a32000 JavaThread "Signal Dispatcher" daemon [_thread_blocked, id=9788, stack(0x0000000015e80000,0x0000000015f80000)]
  0x000000000248c000 JavaThread "Finalizer" daemon [_thread_blocked, id=12148, stack(0x0000000015c80000,0x0000000015d80000)]
  0x0000000002481800 JavaThread "Reference Handler" daemon [_thread_blocked, id=5564, stack(0x0000000015b80000,0x0000000015c80000)]
  0x00000000009fe800 JavaThread "main" [_thread_in_native, id=9276, stack(0x0000000002290000,0x0000000002390000)]

Other Threads:
  0x00000000149f5800 VMThread [stack: 0x0000000015a80000,0x0000000015b80000] [id=2028]
  0x00000000163b1800 WatcherThread [stack: 0x0000000016880000,0x0000000016980000] [id=4164]

VM state:not at safepoint (normal execution)

VM Mutex/Monitor currently owned by a thread: None

heap address: 0x00000000c2000000, size: 992 MB, Compressed Oops mode: 32-bit
Narrow klass base: 0x0000000000000000, Narrow klass shift: 3
Compressed class space size: 1073741824 Address: 0x0000000100000000

Heap:
 PSYoungGen      total 80384K, used 38162K [0x00000000eb580000, 0x00000000f1480000, 0x0000000100000000)
  eden space 63488K, 60% used [0x00000000eb580000,0x00000000edac4bf8,0x00000000ef380000)
  from space 16896K, 0% used [0x00000000f0400000,0x00000000f0400000,0x00000000f1480000)
  to   space 16896K, 0% used [0x00000000ef380000,0x00000000ef380000,0x00000000f0400000)
 ParOldGen       total 60928K, used 22284K [0x00000000c2000000, 0x00000000c5b80000, 0x00000000eb580000)
  object space 60928K, 36% used [0x00000000c2000000,0x00000000c35c3260,0x00000000c5b80000)
 Metaspace       used 25137K, capacity 25638K, committed 25984K, reserved 1071104K
  class space    used 3210K, capacity 3367K, committed 3456K, reserved 1048576K

Card table byte_map: [0x0000000011850000,0x0000000011a50000] byte_map_base: 0x0000000011240000

Marking Bits: (ParMarkBitMap*) 0x0000000068fdf030
 Begin Bits: [0x0000000011fa0000, 0x0000000012f20000)
 End Bits:   [0x0000000012f20000, 0x0000000013ea0000)

Polling page: 0x0000000000960000

CodeCache: size=245760Kb used=6141Kb max_used=6155Kb free=239618Kb
 bounds [0x0000000002490000, 0x0000000002aa0000, 0x0000000011490000]
 total_blobs=2412 nmethods=1955 adapters=370
 compilation: enabled

Compilation events (10 events):
Event: 3.840 Thread 0x0000000014a44800 nmethod 1956 0x0000000002a7bc50 code [0x0000000002a7bda0, 0x0000000002a7beb0]
Event: 3.855 Thread 0x0000000014a37800 nmethod 1916 0x0000000002a93290 code [0x0000000002a934c0, 0x0000000002a946a0]
Event: 3.856 Thread 0x0000000014a37800 1957   !   4       java.util.zip.ZipFile$ZipFileInflaterInputStream::close (67 bytes)
Event: 3.859 Thread 0x0000000014a44800 1958       1       org.jetbrains.kotlin.com.intellij.psi.AbstractFileViewProvider::isEventSystemEnabled (5 bytes)
Event: 3.860 Thread 0x0000000014a44800 nmethod 1958 0x0000000002a7dc50 code [0x0000000002a7dda0, 0x0000000002a7deb0]
Event: 3.860 Thread 0x0000000014a44800 1959       3       org.jetbrains.kotlin.com.intellij.psi.impl.source.PsiFileImpl::getViewProvider (14 bytes)
Event: 3.860 Thread 0x0000000014a44800 nmethod 1959 0x0000000002a7d890 code [0x0000000002a7da00, 0x0000000002a7dbc8]
Event: 3.872 Thread 0x0000000014a37800 nmethod 1957 0x0000000002a95b10 code [0x0000000002a95ce0, 0x0000000002a96c10]
Event: 3.872 Thread 0x0000000014a37800 1960       4       gnu.trove.TObjectHash::equals (22 bytes)
Event: 3.873 Thread 0x0000000014a37800 nmethod 1960 0x0000000002a891d0 code [0x0000000002a89320, 0x0000000002a893d8]

GC Heap History (10 events):
Event: 1.447 GC heap before
{Heap before GC invocations=3 (full 0):
 PSYoungGen      total 18432K, used 18405K [0x00000000eb580000, 0x00000000ed980000, 0x0000000100000000)
  eden space 15872K, 100% used [0x00000000eb580000,0x00000000ec500000,0x00000000ec500000)
  from space 2560K, 98% used [0x00000000ec780000,0x00000000ec9f9548,0x00000000eca00000)
  to   space 2560K, 0% used [0x00000000ec500000,0x00000000ec500000,0x00000000ec780000)
 ParOldGen       total 42496K, used 3252K [0x00000000c2000000, 0x00000000c4980000, 0x00000000eb580000)
  object space 42496K, 7% used [0x00000000c2000000,0x00000000c232d258,0x00000000c4980000)
 Metaspace       used 11912K, capacity 12090K, committed 12160K, reserved 1060864K
  class space    used 1278K, capacity 1355K, committed 1408K, reserved 1048576K
Event: 1.457 GC heap after
Heap after GC invocations=3 (full 0):
 PSYoungGen      total 18432K, used 2544K [0x00000000eb580000, 0x00000000ed980000, 0x0000000100000000)
  eden space 15872K, 0% used [0x00000000eb580000,0x00000000eb580000,0x00000000ec500000)
  from space 2560K, 99% used [0x00000000ec500000,0x00000000ec77c010,0x00000000ec780000)
  to   space 2560K, 0% used [0x00000000ed700000,0x00000000ed700000,0x00000000ed980000)
 ParOldGen       total 42496K, used 6463K [0x00000000c2000000, 0x00000000c4980000, 0x00000000eb580000)
  object space 42496K, 15% used [0x00000000c2000000,0x00000000c264fd50,0x00000000c4980000)
 Metaspace       used 11912K, capacity 12090K, committed 12160K, reserved 1060864K
  class space    used 1278K, capacity 1355K, committed 1408K, reserved 1048576K
}
Event: 1.852 GC heap before
{Heap before GC invocations=4 (full 0):
 PSYoungGen      total 18432K, used 18416K [0x00000000eb580000, 0x00000000ed980000, 0x0000000100000000)
  eden space 15872K, 100% used [0x00000000eb580000,0x00000000ec500000,0x00000000ec500000)
  from space 2560K, 99% used [0x00000000ec500000,0x00000000ec77c010,0x00000000ec780000)
  to   space 2560K, 0% used [0x00000000ed700000,0x00000000ed700000,0x00000000ed980000)
 ParOldGen       total 42496K, used 6463K [0x00000000c2000000, 0x00000000c4980000, 0x00000000eb580000)
  object space 42496K, 15% used [0x00000000c2000000,0x00000000c264fd50,0x00000000c4980000)
 Metaspace       used 15389K, capacity 15620K, committed 15744K, reserved 1062912K
  class space    used 1741K, capacity 1830K, committed 1920K, reserved 1048576K
Event: 1.861 GC heap after
Heap after GC invocations=4 (full 0):
 PSYoungGen      total 34304K, used 2544K [0x00000000eb580000, 0x00000000ed980000, 0x0000000100000000)
  eden space 31744K, 0% used [0x00000000eb580000,0x00000000eb580000,0x00000000ed480000)
  from space 2560K, 99% used [0x00000000ed700000,0x00000000ed97c010,0x00000000ed980000)
  to   space 2560K, 0% used [0x00000000ed480000,0x00000000ed480000,0x00000000ed700000)
 ParOldGen       total 42496K, used 10269K [0x00000000c2000000, 0x00000000c4980000, 0x00000000eb580000)
  object space 42496K, 24% used [0x00000000c2000000,0x00000000c2a077c8,0x00000000c4980000)
 Metaspace       used 15389K, capacity 15620K, committed 15744K, reserved 1062912K
  class space    used 1741K, capacity 1830K, committed 1920K, reserved 1048576K
}
Event: 2.533 GC heap before
{Heap before GC invocations=5 (full 0):
 PSYoungGen      total 34304K, used 34288K [0x00000000eb580000, 0x00000000ed980000, 0x0000000100000000)
  eden space 31744K, 100% used [0x00000000eb580000,0x00000000ed480000,0x00000000ed480000)
  from space 2560K, 99% used [0x00000000ed700000,0x00000000ed97c010,0x00000000ed980000)
  to   space 2560K, 0% used [0x00000000ed480000,0x00000000ed480000,0x00000000ed700000)
 ParOldGen       total 42496K, used 10269K [0x00000000c2000000, 0x00000000c4980000, 0x00000000eb580000)
  object space 42496K, 24% used [0x00000000c2000000,0x00000000c2a077c8,0x00000000c4980000)
 Metaspace       used 20314K, capacity 20660K, committed 20864K, reserved 1067008K
  class space    used 2313K, capacity 2418K, committed 2432K, reserved 1048576K
Event: 2.601 GC heap after
Heap after GC invocations=5 (full 0):
 PSYoungGen      total 34304K, used 2528K [0x00000000eb580000, 0x00000000f1480000, 0x0000000100000000)
  eden space 31744K, 0% used [0x00000000eb580000,0x00000000eb580000,0x00000000ed480000)
  from space 2560K, 98% used [0x00000000ed480000,0x00000000ed6f8040,0x00000000ed700000)
  to   space 16896K, 0% used [0x00000000f0400000,0x00000000f0400000,0x00000000f1480000)
 ParOldGen       total 42496K, used 27522K [0x00000000c2000000, 0x00000000c4980000, 0x00000000eb580000)
  object space 42496K, 64% used [0x00000000c2000000,0x00000000c3ae09b8,0x00000000c4980000)
 Metaspace       used 20314K, capacity 20660K, committed 20864K, reserved 1067008K
  class space    used 2313K, capacity 2418K, committed 2432K, reserved 1048576K
}
Event: 2.758 GC heap before
{Heap before GC invocations=6 (full 0):
 PSYoungGen      total 34304K, used 3862K [0x00000000eb580000, 0x00000000f1480000, 0x0000000100000000)
  eden space 31744K, 4% used [0x00000000eb580000,0x00000000eb6cdb20,0x00000000ed480000)
  from space 2560K, 98% used [0x00000000ed480000,0x00000000ed6f8040,0x00000000ed700000)
  to   space 16896K, 0% used [0x00000000f0400000,0x00000000f0400000,0x00000000f1480000)
 ParOldGen       total 42496K, used 27522K [0x00000000c2000000, 0x00000000c4980000, 0x00000000eb580000)
  object space 42496K, 64% used [0x00000000c2000000,0x00000000c3ae09b8,0x00000000c4980000)
 Metaspace       used 20660K, capacity 21060K, committed 21248K, reserved 1069056K
  class space    used 2355K, capacity 2470K, committed 2560K, reserved 1048576K
Event: 2.768 GC heap after
Heap after GC invocations=6 (full 0):
 PSYoungGen      total 80384K, used 2875K [0x00000000eb580000, 0x00000000f1480000, 0x0000000100000000)
  eden space 63488K, 0% used [0x00000000eb580000,0x00000000eb580000,0x00000000ef380000)
  from space 16896K, 17% used [0x00000000f0400000,0x00000000f06cef00,0x00000000f1480000)
  to   space 16896K, 0% used [0x00000000ef380000,0x00000000ef380000,0x00000000f0400000)
 ParOldGen       total 42496K, used 27530K [0x00000000c2000000, 0x00000000c4980000, 0x00000000eb580000)
  object space 42496K, 64% used [0x00000000c2000000,0x00000000c3ae29b8,0x00000000c4980000)
 Metaspace       used 20660K, capacity 21060K, committed 21248K, reserved 1069056K
  class space    used 2355K, capacity 2470K, committed 2560K, reserved 1048576K
}
Event: 2.768 GC heap before
{Heap before GC invocations=7 (full 1):
 PSYoungGen      total 80384K, used 2875K [0x00000000eb580000, 0x00000000f1480000, 0x0000000100000000)
  eden space 63488K, 0% used [0x00000000eb580000,0x00000000eb580000,0x00000000ef380000)
  from space 16896K, 17% used [0x00000000f0400000,0x00000000f06cef00,0x00000000f1480000)
  to   space 16896K, 0% used [0x00000000ef380000,0x00000000ef380000,0x00000000f0400000)
 ParOldGen       total 42496K, used 27530K [0x00000000c2000000, 0x00000000c4980000, 0x00000000eb580000)
  object space 42496K, 64% used [0x00000000c2000000,0x00000000c3ae29b8,0x00000000c4980000)
 Metaspace       used 20660K, capacity 21060K, committed 21248K, reserved 1069056K
  class space    used 2355K, capacity 2470K, committed 2560K, reserved 1048576K
Event: 2.882 GC heap after
Heap after GC invocations=7 (full 1):
 PSYoungGen      total 80384K, used 0K [0x00000000eb580000, 0x00000000f1480000, 0x0000000100000000)
  eden space 63488K, 0% used [0x00000000eb580000,0x00000000eb580000,0x00000000ef380000)
  from space 16896K, 0% used [0x00000000f0400000,0x00000000f0400000,0x00000000f1480000)
  to   space 16896K, 0% used [0x00000000ef380000,0x00000000ef380000,0x00000000f0400000)
 ParOldGen       total 60928K, used 22284K [0x00000000c2000000, 0x00000000c5b80000, 0x00000000eb580000)
  object space 60928K, 36% used [0x00000000c2000000,0x00000000c35c3260,0x00000000c5b80000)
 Metaspace       used 20660K, capacity 21060K, committed 21248K, reserved 1069056K
  class space    used 2355K, capacity 2470K, committed 2560K, reserved 1048576K
}

Deoptimization events (10 events):
Event: 3.726 Thread 0x00000000009fe800 Uncommon trap: reason=class_check action=maybe_recompile pc=0x0000000002a40448 method=gnu.trove.TObjectHash.equals(Ljava/lang/Object;Ljava/lang/Object;)Z @ 6
Event: 3.752 Thread 0x00000000009fe800 Uncommon trap: reason=class_check action=maybe_recompile pc=0x0000000002a2c91c method=org.jetbrains.kotlin.com.intellij.util.text.ByteArrayCharSequence.toBytesIfPossible(Ljava/lang/CharSequence;)[B @ 25
Event: 3.757 Thread 0x00000000009fe800 Uncommon trap: reason=class_check action=maybe_recompile pc=0x0000000002a5ee20 method=gnu.trove.TObjectHash.computeHashCode(Ljava/lang/Object;)I @ 5
Event: 3.757 Thread 0x00000000009fe800 Uncommon trap: reason=class_check action=maybe_recompile pc=0x0000000002a40448 method=gnu.trove.TObjectHash.equals(Ljava/lang/Object;Ljava/lang/Object;)Z @ 6
Event: 3.757 Thread 0x00000000009fe800 Uncommon trap: reason=class_check action=maybe_recompile pc=0x0000000002a40448 method=gnu.trove.TObjectHash.equals(Ljava/lang/Object;Ljava/lang/Object;)Z @ 6
Event: 3.758 Thread 0x00000000009fe800 Uncommon trap: reason=class_check action=maybe_recompile pc=0x0000000002a2c91c method=org.jetbrains.kotlin.com.intellij.util.text.ByteArrayCharSequence.toBytesIfPossible(Ljava/lang/CharSequence;)[B @ 25
Event: 3.761 Thread 0x00000000009fe800 Uncommon trap: reason=class_check action=maybe_recompile pc=0x0000000002a5ee20 method=gnu.trove.TObjectHash.computeHashCode(Ljava/lang/Object;)I @ 5
Event: 3.762 Thread 0x00000000009fe800 Uncommon trap: reason=class_check action=maybe_recompile pc=0x0000000002a2c91c method=org.jetbrains.kotlin.com.intellij.util.text.ByteArrayCharSequence.toBytesIfPossible(Ljava/lang/CharSequence;)[B @ 25
Event: 3.767 Thread 0x00000000009fe800 Uncommon trap: reason=class_check action=maybe_recompile pc=0x0000000002a5ee20 method=gnu.trove.TObjectHash.computeHashCode(Ljava/lang/Object;)I @ 5
Event: 3.768 Thread 0x00000000009fe800 Uncommon trap: reason=class_check action=maybe_recompile pc=0x0000000002a2c91c method=org.jetbrains.kotlin.com.intellij.util.text.ByteArrayCharSequence.toBytesIfPossible(Ljava/lang/CharSequence;)[B @ 25

Classes redefined (0 events):
No events

Internal exceptions (10 events):
Event: 0.474 Thread 0x00000000009fe800 Exception <a 'java/security/PrivilegedActionException'> (0x00000000eb5b1b10) thrown at [C:\src\AOSP-openjdk-git\hotspot\src\share\vm\prims\jvm.cpp, line 1502]
Event: 0.474 Thread 0x00000000009fe800 Exception <a 'java/security/PrivilegedActionException'> (0x00000000eb5b1f08) thrown at [C:\src\AOSP-openjdk-git\hotspot\src\share\vm\prims\jvm.cpp, line 1502]
Event: 0.846 Thread 0x00000000009fe800 Exception <a 'java/lang/ArrayIndexOutOfBoundsException'> (0x00000000ec3c1910) thrown at [C:\src\AOSP-openjdk-git\hotspot\src\share\vm\runtime\sharedRuntime.cpp, line 605]
Event: 1.217 Thread 0x00000000009fe800 Exception <a 'java/lang/ArrayIndexOutOfBoundsException'> (0x00000000ebebe758) thrown at [C:\src\AOSP-openjdk-git\hotspot\src\share\vm\runtime\sharedRuntime.cpp, line 605]
Event: 2.019 Thread 0x00000000009fe800 Exception <a 'java/lang/NoSuchMethodError': java.lang.Object.lambda$static$0()J> (0x00000000ebb85088) thrown at [C:\src\AOSP-openjdk-git\hotspot\src\share\vm\interpreter\linkResolver.cpp, line 620]
Event: 2.275 Thread 0x00000000009fe800 Implicit null exception at 0x000000000298add3 to 0x000000000298af4e
Event: 2.463 Thread 0x00000000009fe800 Exception <a 'java/lang/NoSuchMethodError': java.lang.Object.lambda$static$0(I)[Lorg/jetbrains/kotlin/com/intellij/openapi/editor/event/DocumentListener;> (0x00000000ed2ebbf8) thrown at [C:\src\AOSP-openjdk-git\hotspot\src\share\vm\interpreter\linkResolve
Event: 2.739 Thread 0x00000000009fe800 Exception <a 'java/lang/NoSuchMethodError': java.lang.Object.lambda$static$0(I)[Lorg/jetbrains/kotlin/com/intellij/psi/PsiAnnotation;> (0x00000000eb634660) thrown at [C:\src\AOSP-openjdk-git\hotspot\src\share\vm\interpreter\linkResolver.cpp, line 620]
Event: 3.002 Thread 0x00000000009fe800 Exception <a 'java/lang/NoSuchMethodError': java.lang.Object.lambda$static$0(I)[Lorg/jetbrains/kotlin/com/intellij/psi/PsiElement;> (0x00000000eba384b0) thrown at [C:\src\AOSP-openjdk-git\hotspot\src\share\vm\interpreter\linkResolver.cpp, line 620]
Event: 3.102 Thread 0x00000000009fe800 Exception <a 'java/lang/NoSuchMethodError': java.lang.Object.lambda$comparing$77a9974f$1(Ljava/util/function/Function;Ljava/lang/Object;Ljava/lang/Object;)I> (0x00000000ebc2b4e0) thrown at [C:\src\AOSP-openjdk-git\hotspot\src\share\vm\interpreter\linkReso

Events (10 events):
Event: 3.880 loading class org/jetbrains/kotlin/util/slicedMap/SlicedMapImpl
Event: 3.880 loading class org/jetbrains/kotlin/util/slicedMap/SlicedMapImpl done
Event: 3.881 loading class org/jetbrains/kotlin/util/slicedMap/KeyWithSlice
Event: 3.881 loading class org/jetbrains/kotlin/util/slicedMap/KeyWithSlice done
Event: 3.881 loading class org/jetbrains/kotlin/resolve/BindingTraceContext$1
Event: 3.881 loading class org/jetbrains/kotlin/resolve/BindingTraceContext$1 done
Event: 3.881 loading class org/jetbrains/kotlin/resolve/CleanableBindingContext
Event: 3.881 loading class org/jetbrains/kotlin/resolve/CleanableBindingContext done
Event: 3.882 loading class org/jetbrains/kotlin/util/slicedMap/WritableSlice
Event: 3.882 loading class org/jetbrains/kotlin/util/slicedMap/WritableSlice done


Dynamic libraries:
0x00007ff6aee80000 - 0x00007ff6aeeb1000 	C:\Program Files\Android\Android Studio\jre\jre\bin\java.exe
0x00007ffd97c30000 - 0x00007ffd97e25000 	C:\Windows\SYSTEM32\ntdll.dll
0x00007ffd97a80000 - 0x00007ffd97b3d000 	C:\Windows\System32\KERNEL32.DLL
0x00007ffd95660000 - 0x00007ffd95929000 	C:\Windows\System32\KERNELBASE.dll
0x00007ffd97b40000 - 0x00007ffd97bec000 	C:\Windows\System32\ADVAPI32.dll
0x00007ffd95e20000 - 0x00007ffd95ebe000 	C:\Windows\System32\msvcrt.dll
0x00007ffd95ec0000 - 0x00007ffd95f5b000 	C:\Windows\System32\sechost.dll
0x00007ffd96590000 - 0x00007ffd966ba000 	C:\Windows\System32\RPCRT4.dll
0x00007ffd96070000 - 0x00007ffd96210000 	C:\Windows\System32\USER32.dll
0x00007ffd95370000 - 0x00007ffd95392000 	C:\Windows\System32\win32u.dll
0x00007ffd96420000 - 0x00007ffd9644a000 	C:\Windows\System32\GDI32.dll
0x00007ffd95930000 - 0x00007ffd95a3b000 	C:\Windows\System32\gdi32full.dll
0x00007ffd95c00000 - 0x00007ffd95c9d000 	C:\Windows\System32\msvcp_win.dll
0x00007ffd95500000 - 0x00007ffd95600000 	C:\Windows\System32\ucrtbase.dll
0x00007ffd86920000 - 0x00007ffd86bba000 	C:\Windows\WinSxS\amd64_microsoft.windows.common-controls_6595b64144ccf1df_6.0.19041.1110_none_60b5254171f9507e\COMCTL32.dll
0x00007ffd96340000 - 0x00007ffd96370000 	C:\Windows\System32\IMM32.DLL
0x0000000068650000 - 0x0000000068722000 	C:\Program Files\Android\Android Studio\jre\jre\bin\msvcr100.dll
0x0000000068810000 - 0x000000006905b000 	C:\Program Files\Android\Android Studio\jre\jre\bin\server\jvm.dll
0x00007ffd96050000 - 0x00007ffd96058000 	C:\Windows\System32\PSAPI.DLL
0x00007ffd86cb0000 - 0x00007ffd86cba000 	C:\Windows\SYSTEM32\VERSION.dll
0x00007ffd83d70000 - 0x00007ffd83d97000 	C:\Windows\SYSTEM32\WINMM.dll
0x00007ffd85f10000 - 0x00007ffd85f19000 	C:\Windows\SYSTEM32\WSOCK32.dll
0x00007ffd973d0000 - 0x00007ffd9743b000 	C:\Windows\System32\ws2_32.DLL
0x00007ffd85d80000 - 0x00007ffd85d8f000 	C:\Program Files\Android\Android Studio\jre\jre\bin\verify.dll
0x00007ffd84b00000 - 0x00007ffd84b29000 	C:\Program Files\Android\Android Studio\jre\jre\bin\java.dll
0x00007ffd7d1c0000 - 0x00007ffd7d1d6000 	C:\Program Files\Android\Android Studio\jre\jre\bin\zip.dll
0x00007ffd96760000 - 0x00007ffd96e9f000 	C:\Windows\System32\SHELL32.dll
0x00007ffd93480000 - 0x00007ffd93c11000 	C:\Windows\SYSTEM32\windows.storage.dll
0x00007ffd97450000 - 0x00007ffd977a5000 	C:\Windows\System32\combase.dll
0x00007ffd94de0000 - 0x00007ffd94e0c000 	C:\Windows\SYSTEM32\Wldp.dll
0x00007ffd96370000 - 0x00007ffd9641e000 	C:\Windows\System32\SHCORE.dll
0x00007ffd95ff0000 - 0x00007ffd96045000 	C:\Windows\System32\shlwapi.dll
0x00007ffd952b0000 - 0x00007ffd952cf000 	C:\Windows\SYSTEM32\profapi.dll
0x00007ffd67120000 - 0x00007ffd6713a000 	C:\Program Files\Android\Android Studio\jre\jre\bin\net.dll
0x00007ffd94b40000 - 0x00007ffd94baa000 	C:\Windows\system32\mswsock.dll
0x00007ffd67020000 - 0x00007ffd67033000 	C:\Program Files\Android\Android Studio\jre\jre\bin\nio.dll

VM Arguments:
java_command: org.jetbrains.kotlin.cli.jvm.K2JVMCompiler @C:\Users\girijesh\AndroidStudioProjects\MoneyManager\app\build\20220120_5975382748747144043.compiler.options
java_class_path (initial): C:\Users\girijesh\.gradle\caches\modules-2\files-2.1\org.jetbrains.kotlin\kotlin-compiler-embeddable\1.4.30\320bc62a2dfa19a24bc1613894ae0eabc909052c\kotlin-compiler-embeddable-1.4.30.jar;C:\Users\girijesh\.gradle\caches\modules-2\files-2.1\org.jetbrains.kotlin\kotlin-reflect\1.4.30\a9116fbe28a0514671787df95133f28e65fdac25\kotlin-reflect-1.4.30.jar;C:\Users\girijesh\.gradle\caches\modules-2\files-2.1\org.jetbrains.kotlin\kotlin-stdlib\1.4.30\d10d1e10f47006ee08162dde039e38ac487de4ac\kotlin-stdlib-1.4.30.jar;C:\Users\girijesh\.gradle\caches\modules-2\files-2.1\org.jetbrains.kotlin\kotlin-script-runtime\1.4.30\b9c2a1fab9217623fc0fbadf6190e77eed6f054d\kotlin-script-runtime-1.4.30.jar;C:\Users\girijesh\.gradle\caches\modules-2\files-2.1\org.jetbrains.kotlin\kotlin-daemon-embeddable\1.4.30\bc024798c5378570ded42ffe3db82ca8ac86dabc\kotlin-daemon-embeddable-1.4.30.jar;C:\Users\girijesh\.gradle\caches\modules-2\files-2.1\org.jetbrains.intellij.deps\trove4j\1.0.20181211\216c2e14b070f334479d800987affe4054cd563f\trove4j-1.0.20181211.jar;C:\Users\girijesh\.gradle\caches\modules-2\files-2.1\org.jetbrains.kotlin\kotlin-stdlib-common\1.4.30\bb9a3173350f55732416ee27956ea8f9b81f4dbb\kotlin-stdlib-common-1.4.30.jar;C:\Users\girijesh\.gradle\caches\modules-2\files-2.1\org.jetbrains\annotations\13.0\919f0dfe192fb4e063e7dacadee7f8bb9a2672a9\annotations-13.0.jar;C:\Program Files\Android\Android Studio\jre\lib\tools.jar
Launcher Type: SUN_STANDARD

Environment Variables:
PATH=C:\Windows\system32;C:\Windows;C:\Windows\System32\Wbem;C:\Windows\System32\WindowsPowerShell\v1.0\;C:\Windows\System32\OpenSSH\;C:\xampp\php;C:\composer;C:\Program Files\Git\cmd;C:\Program Files\dotnet\;C:\Users\girijesh\flutter_windows_2.2.3-stable\flutter\bin;C:\Users\girijesh\AppData\Local\Programs\Microsoft VS Code\bin;C:\Users\girijesh\AppData\Roaming\Composer\vendor\bin
USERNAME=girijesh
OS=Windows_NT
PROCESSOR_IDENTIFIER=Intel64 Family 6 Model 58 Stepping 9, GenuineIntel



---------------  S Y S T E M  ---------------

OS: Windows 10.0 , 64 bit Build 19041 (10.0.19041.1023)

CPU:total 4 (initial active 4) (2 cores per cpu, 2 threads per core) family 6 model 58 stepping 9, cmov, cx8, fxsr, mmx, sse, sse2, sse3, ssse3, sse4.1, sse4.2, popcnt, avx, aes, clmul, erms, ht, tsc, tscinvbit, tscinv

Memory: 4k page, physical 4062200k(207816k free), swap 6198264k(5272k free)

vm_info: OpenJDK 64-Bit Server VM (25.242-b01) for windows-amd64 JRE (1.8.0_242-release-1644-b01), built by "builder" with MS VC++ 10.0 (VS2010)

time: Thu Jan 20 16:46:29 2022
timezone: India Standard Time
elapsed time: 3 seconds (0d 0h 0m 3s)

